==3929605== Memcheck, a memory error detector
==3929605== Copyright (C) 2002-2017, and GNU GPL'd, by Julian Seward et al.
==3929605== Using Valgrind-3.18.1-42b08ed5bd-20211015 and LibVEX; rerun with -h for copyright info
==3929605== Command: java -Djava.library.path=/home/crow/git/arb4j/bin/.. -da -classpath /home/crow/.m2/repository/com/massisframework/j-text-utils/0.3.4/j-text-utils-0.3.4.jar:/home/crow/.m2/repository/com/google/guava/guava/21.0/guava-21.0.jar:/home/crow/.m2/repository/commons-lang/commons-lang/2.6/commons-lang-2.6.jar:/home/crow/.m2/repository/au/com/bytecode/opencsv/2.4/opencsv-2.4.jar:/home/crow/.m2/repository/org/ow2/asm/asm/9.3/asm-9.3.jar:/home/crow/.m2/repository/org/ow2/asm/asm-util/9.3/asm-util-9.3.jar:/home/crow/.m2/repository/org/ow2/asm/asm-tree/9.3/asm-tree-9.3.jar:/home/crow/.m2/repository/org/ow2/asm/asm-analysis/9.3/asm-analysis-9.3.jar:/home/crow/.m2/repository/io/humble/humble-video-all/0.3.0/humble-video-all-0.3.0.jar:/home/crow/.m2/repository/io/humble/humble-video-noarch/0.3.0/humble-video-noarch-0.3.0.jar:/home/crow/.m2/repository/io/humble/humble-video-arch-x86_64-pc-linux-gnu6/0.3.0/humble-video-arch-x86_64-pc-linux-gnu6-0.3.0.jar:/home/crow/.m2/repository/org/scilab/forge/jlatexmath/1.0.5/jlatexmath-1.0.5.jar:/home/crow/.m2/repository/org/scilab/forge/jlatexmath-font-greek/1.0.5/jlatexmath-font-greek-1.0.5.jar:/home/crow/.m2/repository/org/scilab/forge/jlatexmath-font-cyrillic/1.0.5/jlatexmath-font-cyrillic-1.0.5.jar:/home/crow/.m2/repository/org/l33tlabs/twl/pngdecoder/1.0/pngdecoder-1.0.jar:/home/crow/.m2/repository/de/gsi/chart/chartfx-chart/11.2.7/chartfx-chart-11.2.7.jar:/home/crow/.m2/repository/org/openjfx/javafx-base/13.0.1/javafx-base-13.0.1.jar:/home/crow/.m2/repository/org/openjfx/javafx-base/13.0.1/javafx-base-13.0.1-linux.jar:/home/crow/.m2/repository/org/openjfx/javafx-controls/13.0.1/javafx-controls-13.0.1.jar:/home/crow/.m2/repository/org/openjfx/javafx-controls/13.0.1/javafx-controls-13.0.1-linux.jar:/home/crow/.m2/repository/org/openjfx/javafx-graphics/13.0.1/javafx-graphics-13.0.1.jar:/home/crow/.m2/repository/org/openjfx/javafx-graphics/13.0.1/javafx-graphics-13.0.1-linux.jar:/home/crow/.m2/repository/org/kordamp/ikonli/ikonli-javafx/11.5.0/ikonli-javafx-11.5.0.jar:/home/crow/.m2/repository/org/kordamp/ikonli/ikonli-core/11.5.0/ikonli-core-11.5.0.jar:/home/crow/.m2/repository/org/kordamp/ikonli/ikonli-fontawesome-pack/11.5.0/ikonli-fontawesome-pack-11.5.0.jar:/home/crow/.m2/repository/org/kordamp/ikonli/ikonli-fontawesome5-pack/11.5.0/ikonli-fontawesome5-pack-11.5.0.jar:/home/crow/.m2/repository/de/gsi/dataset/chartfx-dataset/11.2.7/chartfx-dataset-11.2.7.jar:/home/crow/.m2/repository/it/unimi/dsi/fastutil/8.3.1/fastutil-8.3.1.jar:/home/crow/.m2/repository/com/ibm/icu/icu4j/65.1/icu4j-65.1.jar:/home/crow/.m2/repository/ar/com/hjg/pngj/2.1.0/pngj-2.1.0.jar:/home/crow/.m2/repository/org/slf4j/slf4j-api/2.0.0-alpha0/slf4j-api-2.0.0-alpha0.jar:/home/crow/.m2/repository/org/apache/commons/commons-lang3/3.12.0/commons-lang3-3.12.0.jar:/home/crow/.m2/repository/org/jetbrains/annotations/21.0.1/annotations-21.0.1.jar:/home/crow/.m2/repository/de/gsi/math/chartfx-math/11.2.7/chartfx-math-11.2.7.jar:/home/crow/.m2/repository/com/github/wendykierp/JTransforms/3.1/JTransforms-3.1.jar:/home/crow/.m2/repository/pl/edu/icm/JLargeArrays/1.5/JLargeArrays-1.5.jar:/home/crow/.m2/repository/org/apache/commons/commons-math3/3.6.1/commons-math3-3.6.1.jar:/home/crow/.m2/repository/org/controlsfx/controlsfx/11.1.1/controlsfx-11.1.1.jar:/home/crow/.m2/repository/junit/junit/4.13.2/junit-4.13.2.jar:/home/crow/.m2/repository/org/hamcrest/hamcrest-core/1.3/hamcrest-core-1.3.jar:/home/crow/.m2/repository/org/jogamp/jogl/jogl-all/2.3.1/jogl-all-2.3.1.jar:/home/crow/.m2/repository/org/lwjgl/lwjgl-stb/3.3.1/lwjgl-stb-3.3.1.jar:/home/crow/.m2/repository/org/lwjgl/lwjgl/3.3.1/lwjgl-3.3.1.jar:/home/crow/.m2/repository/org/lwjgl/lwjgl/3.3.1/lwjgl-3.3.1-natives-linux.jar:/home/crow/.m2/repository/org/lwjgl/lwjgl-assimp/3.3.1/lwjgl-assimp-3.3.1-natives-linux.jar:/home/crow/.m2/repository/org/lwjgl/lwjgl-glfw/3.3.1/lwjgl-glfw-3.3.1-natives-linux.jar:/home/crow/.m2/repository/org/lwjgl/lwjgl-opengl/3.3.1/lwjgl-opengl-3.3.1-natives-linux.jar:/home/crow/.m2/repository/org/lwjgl/lwjgl-stb/3.3.1/lwjgl-stb-3.3.1-natives-linux.jar:/home/crow/.m2/repository/org/joml/joml/1.10.4/joml-1.10.4.jar:/home/crow/.m2/repository/com/github/orange451/LWJGUI/pre-mt/LWJGUI-pre-mt.jar:/home/crow/.m2/repository/org/lwjgl/lwjgl-glfw/3.3.1/lwjgl-glfw-3.3.1.jar:/home/crow/.m2/repository/org/lwjgl/lwjgl-jemalloc/3.3.1/lwjgl-jemalloc-3.3.1.jar:/home/crow/.m2/repository/org/lwjgl/lwjgl-nanovg/3.3.1/lwjgl-nanovg-3.3.1.jar:/home/crow/.m2/repository/org/lwjgl/lwjgl-opengl/3.3.1/lwjgl-opengl-3.3.1.jar:/home/crow/.m2/repository/org/lwjgl/lwjgl-tinyfd/3.3.1/lwjgl-tinyfd-3.3.1.jar:/home/crow/.m2/repository/org/lwjgl/lwjgl-jemalloc/3.3.1/lwjgl-jemalloc-3.3.1-natives-linux.jar:/home/crow/.m2/repository/org/lwjgl/lwjgl-nanovg/3.3.1/lwjgl-nanovg-3.3.1-natives-linux.jar:/home/crow/.m2/repository/org/lwjgl/lwjgl-tinyfd/3.3.1/lwjgl-tinyfd-3.3.1-natives-linux.jar:/home/crow/git/arb4j/bin/../target/classes arb.viz.AnimatedComplexFunctionSequencer -ea --enable-preview --enable-native-access=arb4j --add-modules=javafx.graphics --add-reads javafx.graphics=ALL-UNNAMED --add-opens javafx.controls/com.sun.javafx.charts=ALL-UNNAMED --add-opens javafx.controls/com.sun.javafx.scene.control.inputmap=ALL-UNNAMED --add-opens javafx.graphics/com.sun.javafx.iio=ALL-UNNAMED --add-opens javafx.graphics/com.sun.javafx.iio.common=ALL-UNNAMED --add-opens javafx.graphics/com.sun.javafx.css=ALL-UNNAMED --add-opens javafx.base/com.sun.javafx.runtime=ALL-UNNAMED --add-exports javafx.controls/com.sun.javafx.scene.control.behavior=ALL-UNNAMED --add-exports javafx.graphics/com.sun.javafx.scene.traversal=ALL-UNNAMED arb.viz.AnimatedComplexFunctionSequencer
==3929605== Parent PID: 3928824
==3929605== 
--3929605-- 
--3929605-- Valgrind options:
--3929605--    --leak-check=full
--3929605--    --show-leak-kinds=all
--3929605--    --suppressions=valgrind.suppress
--3929605--    --log-file=valgrind.log
--3929605--    -v
--3929605-- Contents of /proc/version:
--3929605--   Linux version 5.19.0-23-generic (buildd@lcy02-amd64-076) (x86_64-linux-gnu-gcc-12 (Ubuntu 12.2.0-3ubuntu1) 12.2.0, GNU ld (GNU Binutils for Ubuntu) 2.39) #24-Ubuntu SMP PREEMPT_DYNAMIC Fri Oct 14 15:39:57 UTC 2022
--3929605-- 
--3929605-- Arch and hwcaps: AMD64, LittleEndian, amd64-cx16-lzcnt-rdtscp-sse3-ssse3-avx-avx2-bmi-f16c-rdrand-rdseed
--3929605-- Page sizes: currently 4096, max supported 4096
--3929605-- Valgrind library directory: /usr/libexec/valgrind
--3929605-- Reading syms from /usr/lib/jvm/jdk-19/bin/java
--3929605-- Reading syms from /usr/lib/x86_64-linux-gnu/ld-linux-x86-64.so.2
--3929605--   Considering /usr/lib/debug/.build-id/29/2e105c0bb3ee8e8f5b917f8af764373d206659.debug ..
--3929605--   .. build-id is valid
--3929605-- Reading syms from /usr/libexec/valgrind/memcheck-amd64-linux
--3929605--   Considering /usr/lib/debug/.build-id/84/fedd9a4c04941b8d123398ad0dd0ebc25c120c.debug ..
--3929605--   .. build-id is valid
--3929605--    object doesn't have a dynamic symbol table
--3929605-- Scheduler: using generic scheduler lock implementation.
--3929605-- Reading suppressions file: valgrind.suppress
==3929605== FATAL: can't open suppressions file "valgrind.suppress"
