This is pdfTeX, Version 3.141592653-2.6-1.40.25 (TeX Live 2023/Debian) (preloaded format=latex 2024.5.22)  10 JAN 2025 06:55
entering extended mode
 restricted \write18 enabled.
 %&-line parsing enabled.
**GramSchmidtSquareRootOFRandomWaveSpectralDensity.tex
(./GramSchmidtSquareRootOFRandomWaveSpectralDensity.tex
LaTeX2e <2023-11-01> patch level 1
L3 programming layer <2024-01-22>
(/usr/share/texlive/texmf-dist/tex/latex/base/article.cls
Document Class: article 2023/05/17 v1.4n Standard LaTeX document class
(/usr/share/texlive/texmf-dist/tex/latex/base/size10.clo
File: size10.clo 2023/05/17 v1.4n Standard LaTeX file (size option)
)
\c@part=\count187
\c@section=\count188
\c@subsection=\count189
\c@subsubsection=\count190
\c@paragraph=\count191
\c@subparagraph=\count192
\c@figure=\count193
\c@table=\count194
\abovecaptionskip=\skip48
\belowcaptionskip=\skip49
\bibindent=\dimen140
)
(/usr/share/texlive/texmf-dist/tex/latex/amsfonts/amssymb.sty
Package: amssymb 2013/01/14 v3.01 AMS font symbols

(/usr/share/texlive/texmf-dist/tex/latex/amsfonts/amsfonts.sty
Package: amsfonts 2013/01/14 v3.01 Basic AMSFonts support
\@emptytoks=\toks17
\symAMSa=\mathgroup4
\symAMSb=\mathgroup5
LaTeX Font Info:    Redeclaring math symbol \hbar on input line 98.
LaTeX Font Info:    Overwriting math alphabet `\mathfrak' in version `bold'
(Font)                  U/euf/m/n --> U/euf/b/n on input line 106.
))
(/usr/share/texlive/texmf-dist/tex/latex/graphics/graphicx.sty
Package: graphicx 2021/09/16 v1.2d Enhanced LaTeX Graphics (DPC,SPQR)

(/usr/share/texlive/texmf-dist/tex/latex/graphics/keyval.sty
Package: keyval 2022/05/29 v1.15 key=value parser (DPC)
\KV@toks@=\toks18
)
(/usr/share/texlive/texmf-dist/tex/latex/graphics/graphics.sty
Package: graphics 2022/03/10 v1.4e Standard LaTeX Graphics (DPC,SPQR)

(/usr/share/texlive/texmf-dist/tex/latex/graphics/trig.sty
Package: trig 2021/08/11 v1.11 sin cos tan (DPC)
)
(/usr/share/texlive/texmf-dist/tex/latex/graphics-cfg/graphics.cfg
File: graphics.cfg 2016/06/04 v1.11 sample graphics configuration
)
Package graphics Info: Driver file: dvips.def on input line 107.

(/usr/share/texlive/texmf-dist/tex/latex/graphics-def/dvips.def
File: dvips.def 2022/09/22 v3.1e Graphics/color driver for dvips
))
\Gin@req@height=\dimen141
\Gin@req@width=\dimen142
)
(/usr/share/texlive/texmf-dist/tex/latex/hyperref/hyperref.sty
Package: hyperref 2024-01-20 v7.01h Hypertext links for LaTeX

(/usr/share/texlive/texmf-dist/tex/generic/iftex/iftex.sty
Package: iftex 2022/02/03 v1.0f TeX engine tests
)
(/usr/share/texlive/texmf-dist/tex/latex/kvsetkeys/kvsetkeys.sty
Package: kvsetkeys 2022-10-05 v1.19 Key value parser (HO)
)
(/usr/share/texlive/texmf-dist/tex/generic/kvdefinekeys/kvdefinekeys.sty
Package: kvdefinekeys 2019-12-19 v1.6 Define keys (HO)
)
(/usr/share/texlive/texmf-dist/tex/generic/pdfescape/pdfescape.sty
Package: pdfescape 2019/12/09 v1.15 Implements pdfTeX's escape features (HO)

(/usr/share/texlive/texmf-dist/tex/generic/ltxcmds/ltxcmds.sty
Package: ltxcmds 2023-12-04 v1.26 LaTeX kernel commands for general use (HO)
)
(/usr/share/texlive/texmf-dist/tex/generic/pdftexcmds/pdftexcmds.sty
Package: pdftexcmds 2020-06-27 v0.33 Utility functions of pdfTeX for LuaTeX (HO
)

(/usr/share/texlive/texmf-dist/tex/generic/infwarerr/infwarerr.sty
Package: infwarerr 2019/12/03 v1.5 Providing info/warning/error messages (HO)
)
Package pdftexcmds Info: \pdf@primitive is available.
Package pdftexcmds Info: \pdf@ifprimitive is available.
Package pdftexcmds Info: \pdfdraftmode is ignored in DVI mode.
))
(/usr/share/texlive/texmf-dist/tex/latex/hycolor/hycolor.sty
Package: hycolor 2020-01-27 v1.10 Color options for hyperref/bookmark (HO)
)
(/usr/share/texlive/texmf-dist/tex/latex/auxhook/auxhook.sty
Package: auxhook 2019-12-17 v1.6 Hooks for auxiliary files (HO)
)
(/usr/share/texlive/texmf-dist/tex/latex/hyperref/nameref.sty
Package: nameref 2023-11-26 v2.56 Cross-referencing by name of section

(/usr/share/texlive/texmf-dist/tex/latex/refcount/refcount.sty
Package: refcount 2019/12/15 v3.6 Data extraction from label references (HO)
)
(/usr/share/texlive/texmf-dist/tex/generic/gettitlestring/gettitlestring.sty
Package: gettitlestring 2019/12/15 v1.6 Cleanup title references (HO)

(/usr/share/texlive/texmf-dist/tex/latex/kvoptions/kvoptions.sty
Package: kvoptions 2022-06-15 v3.15 Key value format for package options (HO)
))
\c@section@level=\count195
)
(/usr/share/texlive/texmf-dist/tex/latex/etoolbox/etoolbox.sty
Package: etoolbox 2020/10/05 v2.5k e-TeX tools for LaTeX (JAW)
\etb@tempcnta=\count196
)
\@linkdim=\dimen143
\Hy@linkcounter=\count197
\Hy@pagecounter=\count198

(/usr/share/texlive/texmf-dist/tex/latex/hyperref/pd1enc.def
File: pd1enc.def 2024-01-20 v7.01h Hyperref: PDFDocEncoding definition (HO)
Now handling font encoding PD1 ...
... no UTF-8 mapping file for font encoding PD1
)
(/usr/share/texlive/texmf-dist/tex/generic/intcalc/intcalc.sty
Package: intcalc 2019/12/15 v1.3 Expandable calculations with integers (HO)
)
\Hy@SavedSpaceFactor=\count199

(/usr/share/texlive/texmf-dist/tex/latex/hyperref/puenc.def
File: puenc.def 2024-01-20 v7.01h Hyperref: PDF Unicode definition (HO)
Now handling font encoding PU ...
... no UTF-8 mapping file for font encoding PU
)
Package hyperref Info: Hyper figures OFF on input line 4179.
Package hyperref Info: Link nesting OFF on input line 4184.
Package hyperref Info: Hyper index ON on input line 4187.
Package hyperref Info: Plain pages OFF on input line 4194.
Package hyperref Info: Backreferencing OFF on input line 4199.
Package hyperref Info: Implicit mode ON; LaTeX internals redefined.
Package hyperref Info: Bookmarks ON on input line 4446.
\c@Hy@tempcnt=\count266

(/usr/share/texlive/texmf-dist/tex/latex/url/url.sty
\Urlmuskip=\muskip16
Package: url 2013/09/16  ver 3.4  Verb mode for urls, etc.
)
LaTeX Info: Redefining \url on input line 4784.
\XeTeXLinkMargin=\dimen144

(/usr/share/texlive/texmf-dist/tex/generic/bitset/bitset.sty
Package: bitset 2019/12/09 v1.3 Handle bit-vector datatype (HO)

(/usr/share/texlive/texmf-dist/tex/generic/bigintcalc/bigintcalc.sty
Package: bigintcalc 2019/12/15 v1.5 Expandable calculations on big integers (HO
)
))
\Fld@menulength=\count267
\Field@Width=\dimen145
\Fld@charsize=\dimen146
Package hyperref Info: Hyper figures OFF on input line 6063.
Package hyperref Info: Link nesting OFF on input line 6068.
Package hyperref Info: Hyper index ON on input line 6071.
Package hyperref Info: backreferencing OFF on input line 6078.
Package hyperref Info: Link coloring OFF on input line 6083.
Package hyperref Info: Link coloring with OCG OFF on input line 6088.
Package hyperref Info: PDF/A mode OFF on input line 6093.

(/usr/share/texlive/texmf-dist/tex/latex/base/atbegshi-ltx.sty
Package: atbegshi-ltx 2021/01/10 v1.0c Emulation of the original atbegshi
package with kernel methods
)
\Hy@abspage=\count268
\c@Item=\count269
\c@Hfootnote=\count270
)
Package hyperref Info: Driver (default): hdvips.

(/usr/share/texlive/texmf-dist/tex/latex/hyperref/hdvips.def
File: hdvips.def 2024-01-20 v7.01h Hyperref driver for dvips

(/usr/share/texlive/texmf-dist/tex/latex/hyperref/pdfmark.def
File: pdfmark.def 2024-01-20 v7.01h Hyperref definitions for pdfmark specials
\pdf@docset=\toks19
\pdf@box=\box51
\pdf@toks=\toks20
\pdf@defaulttoks=\toks21
\HyField@AnnotCount=\count271
\Fld@listcount=\count272
\c@bookmark@seq@number=\count273

(/usr/share/texlive/texmf-dist/tex/latex/rerunfilecheck/rerunfilecheck.sty
Package: rerunfilecheck 2022-07-10 v1.10 Rerun checks for auxiliary files (HO)

(/usr/share/texlive/texmf-dist/tex/latex/base/atveryend-ltx.sty
Package: atveryend-ltx 2020/08/19 v1.0a Emulation of the original atveryend pac
kage
with kernel methods
)
(/usr/share/texlive/texmf-dist/tex/generic/uniquecounter/uniquecounter.sty
Package: uniquecounter 2019/12/15 v1.4 Provide unlimited unique counter (HO)
)
Package uniquecounter Info: New unique counter `rerunfilecheck' on input line 2
85.
)
\Hy@SectionHShift=\skip50
))
(/usr/share/texlive/texmf-dist/tex/latex/listings/listings.sty
\lst@mode=\count274
\lst@gtempboxa=\box52
\lst@token=\toks22
\lst@length=\count275
\lst@currlwidth=\dimen147
\lst@column=\count276
\lst@pos=\count277
\lst@lostspace=\dimen148
\lst@width=\dimen149
\lst@newlines=\count278
\lst@lineno=\count279
\lst@maxwidth=\dimen150

(/usr/share/texlive/texmf-dist/tex/latex/listings/lstmisc.sty
File: lstmisc.sty 2023/02/27 1.9 (Carsten Heinz)
\c@lstnumber=\count280
\lst@skipnumbers=\count281
\lst@framebox=\box53
)
(/usr/share/texlive/texmf-dist/tex/latex/listings/listings.cfg
File: listings.cfg 2023/02/27 1.9 listings configuration
))
Package: listings 2023/02/27 1.9 (Carsten Heinz)

(/usr/share/texlive/texmf-dist/tex/latex/mathtools/mathtools.sty
Package: mathtools 2022/06/29 v1.29 mathematical typesetting tools

(/usr/share/texlive/texmf-dist/tex/latex/tools/calc.sty
Package: calc 2023/07/08 v4.3 Infix arithmetic (KKT,FJ)
\calc@Acount=\count282
\calc@Bcount=\count283
\calc@Adimen=\dimen151
\calc@Bdimen=\dimen152
\calc@Askip=\skip51
\calc@Bskip=\skip52
LaTeX Info: Redefining \setlength on input line 80.
LaTeX Info: Redefining \addtolength on input line 81.
\calc@Ccount=\count284
\calc@Cskip=\skip53
)
(/usr/share/texlive/texmf-dist/tex/latex/mathtools/mhsetup.sty
Package: mhsetup 2021/03/18 v1.4 programming setup (MH)
)
(/usr/share/texlive/texmf-dist/tex/latex/amsmath/amsmath.sty
Package: amsmath 2023/05/13 v2.17o AMS math features
\@mathmargin=\skip54

For additional information on amsmath, use the `?' option.
(/usr/share/texlive/texmf-dist/tex/latex/amsmath/amstext.sty
Package: amstext 2021/08/26 v2.01 AMS text

(/usr/share/texlive/texmf-dist/tex/latex/amsmath/amsgen.sty
File: amsgen.sty 1999/11/30 v2.0 generic functions
\@emptytoks=\toks23
\ex@=\dimen153
))
(/usr/share/texlive/texmf-dist/tex/latex/amsmath/amsbsy.sty
Package: amsbsy 1999/11/29 v1.2d Bold Symbols
\pmbraise@=\dimen154
)
(/usr/share/texlive/texmf-dist/tex/latex/amsmath/amsopn.sty
Package: amsopn 2022/04/08 v2.04 operator names
)
\inf@bad=\count285
LaTeX Info: Redefining \frac on input line 234.
\uproot@=\count286
\leftroot@=\count287
LaTeX Info: Redefining \overline on input line 399.
LaTeX Info: Redefining \colon on input line 410.
\classnum@=\count288
\DOTSCASE@=\count289
LaTeX Info: Redefining \ldots on input line 496.
LaTeX Info: Redefining \dots on input line 499.
LaTeX Info: Redefining \cdots on input line 620.
\Mathstrutbox@=\box54
\strutbox@=\box55
LaTeX Info: Redefining \big on input line 722.
LaTeX Info: Redefining \Big on input line 723.
LaTeX Info: Redefining \bigg on input line 724.
LaTeX Info: Redefining \Bigg on input line 725.
\big@size=\dimen155
LaTeX Font Info:    Redeclaring font encoding OML on input line 743.
LaTeX Font Info:    Redeclaring font encoding OMS on input line 744.
\macc@depth=\count290
LaTeX Info: Redefining \bmod on input line 905.
LaTeX Info: Redefining \pmod on input line 910.
LaTeX Info: Redefining \smash on input line 940.
LaTeX Info: Redefining \relbar on input line 970.
LaTeX Info: Redefining \Relbar on input line 971.
\c@MaxMatrixCols=\count291
\dotsspace@=\muskip17
\c@parentequation=\count292
\dspbrk@lvl=\count293
\tag@help=\toks24
\row@=\count294
\column@=\count295
\maxfields@=\count296
\andhelp@=\toks25
\eqnshift@=\dimen156
\alignsep@=\dimen157
\tagshift@=\dimen158
\tagwidth@=\dimen159
\totwidth@=\dimen160
\lineht@=\dimen161
\@envbody=\toks26
\multlinegap=\skip55
\multlinetaggap=\skip56
\mathdisplay@stack=\toks27
LaTeX Info: Redefining \[ on input line 2953.
LaTeX Info: Redefining \] on input line 2954.
)
\g_MT_multlinerow_int=\count297
\l_MT_multwidth_dim=\dimen162
\origjot=\skip57
\l_MT_shortvdotswithinadjustabove_dim=\dimen163
\l_MT_shortvdotswithinadjustbelow_dim=\dimen164
\l_MT_above_intertext_sep=\dimen165
\l_MT_below_intertext_sep=\dimen166
\l_MT_above_shortintertext_sep=\dimen167
\l_MT_below_shortintertext_sep=\dimen168
\xmathstrut@box=\box56
\xmathstrut@dim=\dimen169
) (./maple.sty
Package: maple 2005/03/17 v1.16
Package: maple 2005/03/17 mapleMaple Latex Style Package -- 2005/03/17 maple
Defining Maple Utility Macros
\@MapleTabSize=\dimen170
\MapleListCorrection=\toks28
\AboveMapleSkip=\skip58
\BelowMapleSkip=\skip59
\LeftMapleSkip=\dimen171
\AboveMaplePlot=\skip60
\BelowMaplePlot=\skip61
\MaplePlotHeight=\dimen172
\MaplePlotWidth=\dimen173
\MaplePlotHeight@Fudge=\dimen174
\MaplePlotWidth@Fudge=\dimen175
\MapleSepLineWidth=\dimen176
\MapleTab=\count298
\MaplePromptString=\toks29
\MaplePromptSecondary=\toks30
\MapleSepLineHeight=\dimen177
\newleftskip=\skip62
\mapleinputbox=\box57
\maplebox=\box58
\Tab=\dimen178
\@inlinebox=\box59
\cellwidth=\dimen179
Defining Maple Plot Environemnts
 ...Defaults to "dvips" Driver 
(/usr/share/texlive/texmf-dist/tex/latex/graphics/epsfig.sty
Package: epsfig 2017/06/25 v1.7b (e)psfig emulation (SPQR)
\epsfxsize=\dimen180
\epsfysize=\dimen181
)
Defining Automatic Style Generation Macros
\maplettybox=\box60
Defining Maple Spreadsheet Environments
Maple Spreadsheet and Table Support
\multilinesep=\dimen182
\@linebuffer=\box61
\@currentline=\box62
\@linebufferwidth=\dimen183
\EndMultiLine=\toks31
\tindent=\skip63
) (/usr/share/texlive/texmf-dist/tex/latex/base/inputenc.sty
Package: inputenc 2021/02/14 v1.3d Input encoding file
\inpenc@prehook=\toks32
\inpenc@posthook=\toks33
)
(/usr/share/texlive/texmf-dist/tex/latex/xcolor/xcolor.sty
Package: xcolor 2023/11/15 v3.01 LaTeX color extensions (UK)

(/usr/share/texlive/texmf-dist/tex/latex/graphics-cfg/color.cfg
File: color.cfg 2016/01/02 v1.6 sample color configuration
)
Package xcolor Info: Driver file: dvips.def on input line 274.

(/usr/share/texlive/texmf-dist/tex/latex/graphics/mathcolor.ltx)
Package xcolor Info: Model `cmy' substituted by `cmy0' on input line 1350.
Package xcolor Info: Model `RGB' extended on input line 1366.
Package xcolor Info: Model `HTML' substituted by `rgb' on input line 1368.
Package xcolor Info: Model `Hsb' substituted by `hsb' on input line 1369.
Package xcolor Info: Model `tHsb' substituted by `hsb' on input line 1370.
Package xcolor Info: Model `HSB' substituted by `hsb' on input line 1371.
Package xcolor Info: Model `Gray' substituted by `gray' on input line 1372.
Package xcolor Info: Model `wave' substituted by `hsb' on input line 1373.
)
(/usr/share/texlive/texmf-dist/tex/latex/xcolor/svgnam.def
File: svgnam.def 2023/11/15 v3.01 Predefined colors according to SVG 1.1 (UK)
)
(/usr/share/texlive/texmf-dist/tex/latex/breqn/breqn.sty
(/usr/share/texlive/texmf-dist/tex/latex/l3kernel/expl3.sty
Package: expl3 2024-01-22 L3 programming layer (loader) 

(/usr/share/texlive/texmf-dist/tex/latex/l3backend/l3backend-dvips.def
File: l3backend-dvips.def 2024-01-04 L3 backend support: dvips
\l__pdf_internal_box=\box63
\g__pdf_backend_object_int=\count299
\l__pdf_backend_content_box=\box64
\l__pdf_backend_model_box=\box65
\g__pdf_backend_annotation_int=\count300
\g__pdf_backend_link_int=\count301
\g__pdf_backend_link_sf_int=\count302
))
Package: breqn 2021/10/28 v0.98l Breaking equations

(/usr/share/texlive/texmf-dist/tex/latex/breqn/flexisym.sty
Package: flexisym 2021/10/28 v0.98l Make math characters macros
LaTeX Info: Redefining \textprime on input line 299.
LaTeX Info: Redefining \not on input line 357.

(/usr/share/texlive/texmf-dist/tex/latex/breqn/cmbase.sym
File: cmbase.sym 2007/12/19 v0.92
LaTeX Info: Redefining \hbar on input line 324.
LaTeX Info: Redefining \surd on input line 326.
LaTeX Info: Redefining \angle on input line 334.
LaTeX Info: Redefining \neq on input line 335.
LaTeX Info: Redefining \mapsto on input line 336.
LaTeX Info: Redefining \cong on input line 337.
LaTeX Info: Redefining \notin on input line 340.
LaTeX Info: Redefining \rightleftharpoons on input line 341.
LaTeX Info: Redefining \doteq on input line 342.
LaTeX Info: Redefining \hookrightarrow on input line 343.
LaTeX Info: Redefining \hookleftarrow on input line 344.
LaTeX Info: Redefining \bowtie on input line 345.
LaTeX Info: Redefining \models on input line 346.
LaTeX Info: Redefining \Longrightarrow on input line 347.
LaTeX Info: Redefining \longrightarrow on input line 348.
LaTeX Info: Redefining \Longleftarrow on input line 349.
LaTeX Info: Redefining \longleftarrow on input line 350.
LaTeX Info: Redefining \longmapsto on input line 351.
LaTeX Info: Redefining \longleftrightarrow on input line 352.
LaTeX Info: Redefining \Longleftrightarrow on input line 353.
LaTeX Info: Redefining \cdots on input line 357.
LaTeX Info: Redefining \vdots on input line 360.
LaTeX Info: Redefining \ddots on input line 365.
)
(/usr/share/texlive/texmf-dist/tex/latex/breqn/mathstyle.sty
Package: mathstyle 2021/10/28 v0.98l Tracking mathstyle implicitly
LaTeX Info: Redefining \displaystyle on input line 95.
LaTeX Info: Redefining \textstyle on input line 97.
LaTeX Info: Redefining \scriptstyle on input line 99.
LaTeX Info: Redefining \scriptscriptstyle on input line 101.
LaTeX Info: Redefining \genfrac on input line 149.
))
\inf@bad=\count303
\maxint=\count304
\listwidth=\dimen184
\eqnumsep=\dimen185
\eqmargin=\dimen186
\eqlinespacing=\skip64
\eqlineskip=\skip65
\eqlineskiplimit=\dimen187
\eqbinoffset=\muskip18
\eqdelimoffset=\muskip19
\eqindentstep=\dimen188
\eqstyle=\toks34
\eqbreakdepth=\count305
\eqinterlinepenalty=\count306
\intereqpenalty=\count307
\intereqskip=\skip66
\prerelpenalty=\count308
\prebinoppenalty=\count309
\Dmedmuskip=\muskip20
\Dthickmuskip=\muskip21
\eqleftskip=\skip67
\eqrightskip=\skip68
\eq@vspan=\skip69
\eq@binoffset=\muskip22
\EQ@box=\box66
\EQ@copy=\box67
\EQ@numbox=\box68
\eq@wdNum=\dimen189
\GRP@numbox=\box69
\grp@wdNum=\dimen190
\eq@lines=\count310
\eq@curline=\count311
\eq@badness=\count312
\EQ@vims=\count313
\eq@dp=\dimen191
\eq@wdL=\dimen192
\eq@wdT=\dimen193
\eq@wdMin=\dimen194
\grp@wdL=\dimen195
\grp@wdR=\dimen196
\grp@wdT=\dimen197
\eq@wdRmax=\dimen198
\eq@firstht=\dimen199
\eq@wdCond=\dimen256
\eq@indentstep=\dimen257
\eq@linewidth=\dimen258
\grp@linewidth=\dimen259
\eq@hshift=\dimen260
\eq@given@sidespace=\dimen261
\mathindent=\dimen262
\eq@final@linecount=\count314
\eq@wdR=\dimen263
\EQ@continue=\toks35
\lr@level=\count315
\GRP@queue=\toks36
\GRP@box=\box70
\GRP@wholebox=\box71
\darraycolsep=\skip70
\cur@row=\count316
\cur@col=\count317
\conditionsep=\skip71
)
(/usr/share/texlive/texmf-dist/tex/latex/base/textcomp.sty
Package: textcomp 2020/02/02 v2.0n Standard LaTeX package
)
(./GramSchmidtSquareRootOFRandomWaveSpectralDensity.aux)
\openout1 = `GramSchmidtSquareRootOFRandomWaveSpectralDensity.aux'.

LaTeX Font Info:    Checking defaults for OML/cmm/m/it on input line 16.
LaTeX Font Info:    ... okay on input line 16.
LaTeX Font Info:    Checking defaults for OMS/cmsy/m/n on input line 16.
LaTeX Font Info:    ... okay on input line 16.
LaTeX Font Info:    Checking defaults for OT1/cmr/m/n on input line 16.
LaTeX Font Info:    ... okay on input line 16.
LaTeX Font Info:    Checking defaults for T1/cmr/m/n on input line 16.
LaTeX Font Info:    ... okay on input line 16.
LaTeX Font Info:    Checking defaults for TS1/cmr/m/n on input line 16.
LaTeX Font Info:    ... okay on input line 16.
LaTeX Font Info:    Checking defaults for OMX/cmex/m/n on input line 16.
LaTeX Font Info:    ... okay on input line 16.
LaTeX Font Info:    Checking defaults for U/cmr/m/n on input line 16.
LaTeX Font Info:    ... okay on input line 16.
LaTeX Font Info:    Checking defaults for PD1/pdf/m/n on input line 16.
LaTeX Font Info:    ... okay on input line 16.
LaTeX Font Info:    Checking defaults for PU/pdf/m/n on input line 16.
LaTeX Font Info:    ... okay on input line 16.
Package hyperref Info: Link coloring OFF on input line 16.

(./GramSchmidtSquareRootOFRandomWaveSpectralDensity.out)
(./GramSchmidtSquareRootOFRandomWaveSpectralDensity.out)
\@outlinefile=\write3
\openout3 = `GramSchmidtSquareRootOFRandomWaveSpectralDensity.out'.

\c@lstlisting=\count318
LaTeX Font Info:    Trying to load font information for U+msa on input line 41.


(/usr/share/texlive/texmf-dist/tex/latex/amsfonts/umsa.fd
File: umsa.fd 2013/01/14 v3.01 AMS symbols A
)
LaTeX Font Info:    Trying to load font information for U+msb on input line 41.


(/usr/share/texlive/texmf-dist/tex/latex/amsfonts/umsb.fd
File: umsb.fd 2013/01/14 v3.01 AMS symbols B
)
LaTeX Font Info:    Trying to load font information for OMS+cmr on input line 4
1.

(/usr/share/texlive/texmf-dist/tex/latex/base/omscmr.fd
File: omscmr.fd 2023/04/13 v2.5m Standard LaTeX font definitions
)
LaTeX Font Info:    Font shape `OMS/cmr/m/n' in size <10> not available
(Font)              Font shape `OMS/cmsy/m/n' tried instead on input line 41.

Overfull \hbox (183.61308pt too wide) in paragraph at lines 40--42
$[]\OML/cmm/m/it/10 h [] []\OT1/cmr/m/n/10 ([]  []   []([])\OML/cmm/m/it/10 ; s
\OT1/cmr/m/n/10 );$ 
 []

[1

]
Overfull \hbox (42.82634pt too wide) in paragraph at lines 152--154
$[][] [] []\OT1/cmr/m/n/10 ([]([]([](\OML/cmm/m/it/10 n; x\OT1/cmr/m/n/10 ) \OM
S/cmsy/m/n/10 ^^A []\OT1/cmr/m/n/10 (0\OML/cmm/m/it/10 ; x\OT1/cmr/m/n/10 )\OML
/cmm/m/it/10 ; x \OT1/cmr/m/n/10 = 0\OML/cmm/m/it/10 ::[]\OT1/cmr/m/n/10 ))\OML
/cmm/m/it/10 ; n\OT1/cmr/m/n/10 ) [] \OML/cmm/m/it/10 n \OT1/cmr/m/n/10 ::
 []


Overfull \hbox (1.02942pt too wide) in paragraph at lines 215--233
[] \OML/cmm/m/it/10 i [] []\OT1/cmr/m/n/10 ([]) [] \OML/cmm/m/it/10 f [] []\OT1
/cmr/m/n/10 [\OML/cmm/m/it/10 i\OT1/cmr/m/n/10 ] \OMS/cmsy/m/n/10 ^^@ \OT1/cmr/
m/n/10 ([](([]([][\OML/cmm/m/it/10 i\OT1/cmr/m/n/10 ]\OML/cmm/m/it/10 ; P\OT1/c
mr/m/n/10 [\OML/cmm/m/it/10 j\OT1/cmr/m/n/10 ])) \OMS/cmsy/m/n/10 ^^C
 []


Underfull \hbox (badness 10000) in paragraph at lines 215--233

 []

[2] [3]
Overfull \hbox (500.95847pt too wide) in paragraph at lines 307--307
[]$[][]\OT1/cmr/m/n/10 2^^@  [][][][]| \OML/cmm/m/it/10 ; []; []; [][]||$ 
 []


Overfull \hbox (505.68073pt too wide) in paragraph at lines 346--346
[]$[][]\OT1/cmr/m/n/10 2^^@  [][][][]| \OML/cmm/m/it/10 ; []; []; [][]||$ 
 []


Overfull \hbox (1.31451pt too wide) in paragraph at lines 360--362
$[][] [] []\OT1/cmr/m/n/10 ([]([](\OML/cmm/m/it/10 S\OT1/cmr/m/n/10 [1]\OML/cmm
/m/it/10 ; y \OT1/cmr/m/n/10 = \OML/cmm/m/it/10 x \OMS/cmsy/m/n/10 ^^@ \OML/cmm
/m/it/10 y\OT1/cmr/m/n/10 ) \OMS/cmsy/m/n/10 ^^A []\OT1/cmr/m/n/10 (0\OML/cmm/m
/it/10 ; x\OT1/cmr/m/n/10 ))\OML/cmm/m/it/10 ; x \OT1/cmr/m/n/10 = 0\OML/cmm/m/
it/10 ::[]\OT1/cmr/m/n/10 ) [] \OML/cmm/m/it/10 x >
 []


Overfull \hbox (1.31451pt too wide) in paragraph at lines 363--365
$[][] [] []\OT1/cmr/m/n/10 ([]([](\OML/cmm/m/it/10 S\OT1/cmr/m/n/10 [2]\OML/cmm
/m/it/10 ; y \OT1/cmr/m/n/10 = \OML/cmm/m/it/10 x \OMS/cmsy/m/n/10 ^^@ \OML/cmm
/m/it/10 y\OT1/cmr/m/n/10 ) \OMS/cmsy/m/n/10 ^^A []\OT1/cmr/m/n/10 (0\OML/cmm/m
/it/10 ; x\OT1/cmr/m/n/10 ))\OML/cmm/m/it/10 ; x \OT1/cmr/m/n/10 = 0\OML/cmm/m/
it/10 ::[]\OT1/cmr/m/n/10 ) [] \OML/cmm/m/it/10 x >
 []


Overfull \hbox (1.31451pt too wide) in paragraph at lines 366--368
$[][] [] []\OT1/cmr/m/n/10 ([]([](\OML/cmm/m/it/10 S\OT1/cmr/m/n/10 [3]\OML/cmm
/m/it/10 ; y \OT1/cmr/m/n/10 = \OML/cmm/m/it/10 x \OMS/cmsy/m/n/10 ^^@ \OML/cmm
/m/it/10 y\OT1/cmr/m/n/10 ) \OMS/cmsy/m/n/10 ^^A []\OT1/cmr/m/n/10 (0\OML/cmm/m
/it/10 ; x\OT1/cmr/m/n/10 ))\OML/cmm/m/it/10 ; x \OT1/cmr/m/n/10 = 0\OML/cmm/m/
it/10 ::[]\OT1/cmr/m/n/10 ) [] \OML/cmm/m/it/10 x >
 []

[4]
Overfull \hbox (658.2433pt too wide) in paragraph at lines 403--403
[]$[][]|$ 
 []

[5]
Overfull \hbox (143.27126pt too wide) in paragraph at lines 462--462
[]$[][]|$ 
 []


Overfull \hbox (1586.62091pt too wide) in paragraph at lines 469--469
[]$[][]|$ 
 []


Overfull \hbox (2360.4833pt too wide) in paragraph at lines 483--483
\OMS/cmsy/m/n/10 ^^@[]|$ 
 []


Overfull \hbox (59.04785pt too wide) in paragraph at lines 502--502
\OMS/cmsy/m/n/10 ^^@[]|$ 
 []


Overfull \hbox (164.80504pt too wide) in paragraph at lines 509--509
[]$[][]|$ 
 []

[6]
Overfull \hbox (286.14667pt too wide) in paragraph at lines 516--516
\OMS/cmsy/m/n/10 ^^@[]|$ 
 []


Overfull \hbox (63.29053pt too wide) in paragraph at lines 567--567
[]$[][] [] \OML/cmm/m/it/10 x [] []  [][] [][]||$ 
 []

[7]
Overfull \hbox (1299.4155pt too wide) in paragraph at lines 618--618
\OMS/cmsy/m/n/10 ^^@[]|$ 
 []


Overfull \hbox (2992.19005pt too wide) in paragraph at lines 630--631
[][][][][] 
 []


Overfull \hbox (182.83003pt too wide) in paragraph at lines 661--661
[]$[][]|$ 
 []


Overfull \hbox (215.2831pt too wide) in paragraph at lines 668--668
[]$[][][] []\OML/cmm/m/it/10 dy|$ 
 []

[8] [9] (./GramSchmidtSquareRootOFRandomWaveSpectralDensity.aux)
 ***********
LaTeX2e <2023-11-01> patch level 1
L3 programming layer <2024-01-22>
 ***********


LaTeX Warning: Label(s) may have changed. Rerun to get cross-references right.

Package rerunfilecheck Info: File `GramSchmidtSquareRootOFRandomWaveSpectralDen
sity.out' has not changed.
(rerunfilecheck)             Checksum: D41D8CD98F00B204E9800998ECF8427E;0.
 ) 
Here is how much of TeX's memory you used:
 14687 strings out of 474223
 210600 string characters out of 5748759
 1964972 words of memory out of 5000000
 36793 multiletter control sequences out of 15000+600000
 563180 words of font info for 56 fonts, out of 8000000 for 9000
 1141 hyphenation exceptions out of 8191
 75i,16n,85p,1570b,507s stack positions out of 10000i,1000n,20000p,200000b,200000s

Output written on GramSchmidtSquareRootOFRandomWaveSpectralDensity.dvi (9 pages
, 62224 bytes).
