\BOOKMARK [1][-]{section.1}{\376\377\000I\000n\000t\000r\000o\000d\000u\000c\000t\000i\000o\000n}{}% 1
\BOOKMARK [1][-]{section.2}{\376\377\000P\000r\000e\000l\000i\000m\000i\000n\000a\000r\000y\000\040\000T\000h\000e\000o\000r\000y}{}% 2
\BOOKMARK [2][-]{subsection.2.1}{\376\377\000T\000h\000e\000\040\000U\000n\000i\000t\000a\000r\000y\000\040\000T\000i\000m\000e\000-\000C\000h\000a\000n\000g\000e\000\040\000O\000p\000e\000r\000a\000t\000o\000r}{section.2}% 3
\BOOKMARK [2][-]{subsection.2.2}{\376\377\000O\000s\000c\000i\000l\000l\000a\000t\000o\000r\000y\000\040\000P\000r\000o\000c\000e\000s\000s\000e\000s}{section.2}% 4
\BOOKMARK [2][-]{subsection.2.3}{\376\377\000Z\000e\000r\000o\000\040\000L\000o\000c\000a\000l\000i\000z\000a\000t\000i\000o\000n\000\040\000f\000o\000r\000\040\000U\000n\000i\000t\000a\000r\000i\000l\000y\000\040\000T\000i\000m\000e\000-\000C\000h\000a\000n\000g\000e\000d\000\040\000P\000r\000o\000c\000e\000s\000s\000e\000s}{section.2}% 5
\BOOKMARK [1][-]{section.3}{\376\377\000A\000s\000y\000m\000p\000t\000o\000t\000i\000c\000\040\000E\000x\000p\000a\000n\000s\000i\000o\000n\000\040\000o\000f\000\040\000'\000\050\000t\000\051}{}% 6
\BOOKMARK [2][-]{subsection.3.1}{\376\377\000S\000t\000i\000r\000l\000i\000n\000g\000'\000s\000\040\000F\000o\000r\000m\000u\000l\000a\000\040\000a\000n\000d\000\040\000A\000p\000p\000l\000i\000c\000a\000t\000i\000o\000n}{section.3}% 7
\BOOKMARK [2][-]{subsection.3.2}{\376\377\000C\000o\000m\000p\000u\000t\000i\000n\000g\000\040\000'\000\050\000t\000\051\000\040\000f\000r\000o\000m\000\040\000S\000t\000i\000r\000l\000i\000n\000g\000'\000s\000\040\000F\000o\000r\000m\000u\000l\000a}{section.3}% 8
\BOOKMARK [1][-]{section.4}{\376\377\000V\000a\000n\000i\000s\000h\000i\000n\000g\000\040\000o\000f\000\040\000t\000h\000e\000\040\000L\000o\000g\000a\000r\000i\000t\000h\000m\000i\000c\000\040\000R\000a\000t\000i\000o}{}% 9
\BOOKMARK [2][-]{subsection.4.1}{\376\377\000T\000h\000e\000\040\000C\000r\000i\000t\000i\000c\000a\000l\000\040\000Q\000u\000a\000n\000t\000i\000t\000y}{section.4}% 10
\BOOKMARK [1][-]{section.5}{\376\377\000T\000h\000e\000\040\000R\000i\000e\000m\000a\000n\000n\000-\000S\000i\000e\000g\000e\000l\000\040\000R\000e\000p\000r\000e\000s\000e\000n\000t\000a\000t\000i\000o\000n}{}% 11
\BOOKMARK [2][-]{subsection.5.1}{\376\377\000T\000h\000e\000\040\000H\000a\000r\000d\000y\000\040\000Z\000-\000F\000u\000n\000c\000t\000i\000o\000n}{section.5}% 12
\BOOKMARK [2][-]{subsection.5.2}{\376\377\000T\000h\000e\000\040\000C\000l\000a\000s\000s\000i\000c\000a\000l\000\040\000R\000i\000e\000m\000a\000n\000n\000-\000S\000i\000e\000g\000e\000l\000\040\000F\000o\000r\000m\000u\000l\000a}{section.5}% 13
\BOOKMARK [1][-]{section.6}{\376\377\000T\000r\000a\000n\000s\000f\000o\000r\000m\000a\000t\000i\000o\000n\000\040\000t\000o\000\040\000u\000-\000C\000o\000o\000r\000d\000i\000n\000a\000t\000e\000s}{}% 14
\BOOKMARK [2][-]{subsection.6.1}{\376\377\000D\000e\000f\000i\000n\000i\000n\000g\000\040\000t\000h\000e\000\040\000U\000n\000d\000e\000r\000l\000y\000i\000n\000g\000\040\000S\000t\000a\000t\000i\000o\000n\000a\000r\000y\000\040\000P\000r\000o\000c\000e\000s\000s}{section.6}% 15
\BOOKMARK [2][-]{subsection.6.2}{\376\377\000R\000e\000w\000r\000i\000t\000i\000n\000g\000\040\000i\000n\000\040\000u\000-\000C\000o\000o\000r\000d\000i\000n\000a\000t\000e\000s}{section.6}% 16
\BOOKMARK [2][-]{subsection.6.3}{\376\377\000A\000n\000a\000l\000y\000s\000i\000s\000\040\000o\000f\000\040\000P\000h\000a\000s\000e\000\040\000D\000i\000f\000f\000e\000r\000e\000n\000c\000e\000s}{section.6}% 17
\BOOKMARK [1][-]{section.7}{\376\377\000C\000e\000s\000\340\000r\000o\000\040\000A\000v\000e\000r\000a\000g\000i\000n\000g\000\040\000a\000n\000d\000\040\000S\000t\000a\000t\000i\000o\000n\000a\000r\000y\000\040\000L\000i\000m\000i\000t}{}% 18
\BOOKMARK [2][-]{subsection.7.1}{\376\377\000T\000h\000e\000\040\000V\000a\000n\000\040\000d\000e\000r\000\040\000C\000o\000r\000p\000u\000t\000\040\000L\000e\000m\000m\000a}{section.7}% 19
\BOOKMARK [2][-]{subsection.7.2}{\376\377\000A\000n\000a\000l\000y\000s\000i\000s\000\040\000o\000f\000\040\000P\000h\000a\000s\000e\000\040\000S\000u\000m\000\040\000D\000e\000r\000i\000v\000a\000t\000i\000v\000e}{section.7}% 20
\BOOKMARK [2][-]{subsection.7.3}{\376\377\000A\000n\000a\000l\000y\000s\000i\000s\000\040\000o\000f\000\040\000D\000i\000a\000g\000o\000n\000a\000l\000\040\000T\000e\000r\000m\000s}{section.7}% 21
\BOOKMARK [2][-]{subsection.7.4}{\376\377\000V\000a\000n\000i\000s\000h\000i\000n\000g\000\040\000o\000f\000\040\000O\000f\000f\000-\000D\000i\000a\000g\000o\000n\000a\000l\000\040\000T\000e\000r\000m\000s}{section.7}% 22
\BOOKMARK [2][-]{subsection.7.5}{\376\377\000D\000e\000c\000a\000y\000\040\000o\000f\000\040\000R\000e\000m\000a\000i\000n\000d\000e\000r\000\040\000T\000e\000r\000m\000s}{section.7}% 23
\BOOKMARK [2][-]{subsection.7.6}{\376\377\000E\000x\000p\000l\000i\000c\000i\000t\000\040\000C\000o\000m\000p\000u\000t\000a\000t\000i\000o\000n\000\040\000o\000f\000\040\000t\000h\000e\000\040\000C\000e\000s\000\340\000r\000o\000\040\000C\000o\000v\000a\000r\000i\000a\000n\000c\000e}{section.7}% 24
\BOOKMARK [1][-]{section.8}{\376\377\000M\000a\000i\000n\000\040\000T\000h\000e\000o\000r\000e\000m}{}% 25
\BOOKMARK [1][-]{section.9}{\376\377\000C\000o\000n\000c\000l\000u\000s\000i\000o\000n}{}% 26
